<?xml version="1.0" encoding="UTF-8"?>
<!-- Generated by org.testng.reporters.JUnitReportReporter -->
<testsuite skipped="0" hostname="ETP-QATEST8" name="DriverScript.Ssclassification" tests="3" failures="0" timestamp="23 Jan 2020 06:07:50 GMT" time="364.884" errors="0">
  <testcase name="dbPIMSupersession" time="5.306" classname="DriverScript.Ssclassification"/>
  <testcase name="dbExtSupersession" time="6.426" classname="DriverScript.Ssclassification"/>
  <testcase name="dbSKU" time="353.152" classname="DriverScript.Ssclassification"/>
</testsuite> <!-- DriverScript.Ssclassification -->
